d:\dokumenty\politechnika gdanska\semestr 3\ako\projekty\lab 4\lab_4\lab_4\debug\vc141.pdb
d:\dokumenty\politechnika gdanska\semestr 3\ako\projekty\lab 4\lab_4\lab_4\debug\vc141.idb
d:\dokumenty\politechnika gdanska\semestr 3\ako\projekty\lab 4\lab_4\lab_4\debug\main.obj
d:\dokumenty\politechnika gdanska\semestr 3\ako\projekty\lab 4\lab_4\lab_4\debug\4_2.obj
d:\dokumenty\politechnika gdanska\semestr 3\ako\projekty\lab 4\lab_4\lab_4\debug\4_1.obj
d:\dokumenty\politechnika gdanska\semestr 3\ako\projekty\lab 4\lab_4\debug\lab_4.ilk
d:\dokumenty\politechnika gdanska\semestr 3\ako\projekty\lab 4\lab_4\debug\lab_4.exe
d:\dokumenty\politechnika gdanska\semestr 3\ako\projekty\lab 4\lab_4\debug\lab_4.pdb
d:\dokumenty\politechnika gdanska\semestr 3\ako\projekty\lab 4\lab_4\lab_4\debug\lab_4.tlog\cl.command.1.tlog
d:\dokumenty\politechnika gdanska\semestr 3\ako\projekty\lab 4\lab_4\lab_4\debug\lab_4.tlog\cl.read.1.tlog
d:\dokumenty\politechnika gdanska\semestr 3\ako\projekty\lab 4\lab_4\lab_4\debug\lab_4.tlog\cl.write.1.tlog
d:\dokumenty\politechnika gdanska\semestr 3\ako\projekty\lab 4\lab_4\lab_4\debug\lab_4.tlog\lab_4.write.1u.tlog
d:\dokumenty\politechnika gdanska\semestr 3\ako\projekty\lab 4\lab_4\lab_4\debug\lab_4.tlog\link-cvtres.read.1.tlog
d:\dokumenty\politechnika gdanska\semestr 3\ako\projekty\lab 4\lab_4\lab_4\debug\lab_4.tlog\link-cvtres.write.1.tlog
d:\dokumenty\politechnika gdanska\semestr 3\ako\projekty\lab 4\lab_4\lab_4\debug\lab_4.tlog\link-rc.read.1.tlog
d:\dokumenty\politechnika gdanska\semestr 3\ako\projekty\lab 4\lab_4\lab_4\debug\lab_4.tlog\link-rc.write.1.tlog
d:\dokumenty\politechnika gdanska\semestr 3\ako\projekty\lab 4\lab_4\lab_4\debug\lab_4.tlog\link.30420-cvtres.read.1.tlog
d:\dokumenty\politechnika gdanska\semestr 3\ako\projekty\lab 4\lab_4\lab_4\debug\lab_4.tlog\link.30420-cvtres.write.1.tlog
d:\dokumenty\politechnika gdanska\semestr 3\ako\projekty\lab 4\lab_4\lab_4\debug\lab_4.tlog\link.30420-rc.read.1.tlog
d:\dokumenty\politechnika gdanska\semestr 3\ako\projekty\lab 4\lab_4\lab_4\debug\lab_4.tlog\link.30420-rc.write.1.tlog
d:\dokumenty\politechnika gdanska\semestr 3\ako\projekty\lab 4\lab_4\lab_4\debug\lab_4.tlog\link.30420.read.1.tlog
d:\dokumenty\politechnika gdanska\semestr 3\ako\projekty\lab 4\lab_4\lab_4\debug\lab_4.tlog\link.30420.write.1.tlog
d:\dokumenty\politechnika gdanska\semestr 3\ako\projekty\lab 4\lab_4\lab_4\debug\lab_4.tlog\link.command.1.tlog
d:\dokumenty\politechnika gdanska\semestr 3\ako\projekty\lab 4\lab_4\lab_4\debug\lab_4.tlog\link.read.1.tlog
d:\dokumenty\politechnika gdanska\semestr 3\ako\projekty\lab 4\lab_4\lab_4\debug\lab_4.tlog\link.write.1.tlog
