d:\dokumenty\politechnika gdanska\semestr 3\ako\projekty\lab 5\project1\project1\debug\vc141.pdb
d:\dokumenty\politechnika gdanska\semestr 3\ako\projekty\lab 5\project1\project1\debug\vc141.idb
d:\dokumenty\politechnika gdanska\semestr 3\ako\projekty\lab 5\project1\project1\debug\main.obj
d:\dokumenty\politechnika gdanska\semestr 3\ako\projekty\lab 5\project1\debug\project1.exe
d:\dokumenty\politechnika gdanska\semestr 3\ako\projekty\lab 5\project1\debug\project1.ilk
d:\dokumenty\politechnika gdanska\semestr 3\ako\projekty\lab 5\project1\debug\project1.pdb
d:\dokumenty\politechnika gdanska\semestr 3\ako\projekty\lab 5\project1\project1\debug\zad_1.obj
d:\dokumenty\politechnika gdanska\semestr 3\ako\projekty\lab 5\project1\project1\debug\5_1.obj
d:\dokumenty\politechnika gdanska\semestr 3\ako\projekty\lab 5\project1\project1\debug\project1.tlog\cl.command.1.tlog
d:\dokumenty\politechnika gdanska\semestr 3\ako\projekty\lab 5\project1\project1\debug\project1.tlog\cl.read.1.tlog
d:\dokumenty\politechnika gdanska\semestr 3\ako\projekty\lab 5\project1\project1\debug\project1.tlog\cl.write.1.tlog
d:\dokumenty\politechnika gdanska\semestr 3\ako\projekty\lab 5\project1\project1\debug\project1.tlog\link-cvtres.read.1.tlog
d:\dokumenty\politechnika gdanska\semestr 3\ako\projekty\lab 5\project1\project1\debug\project1.tlog\link-cvtres.write.1.tlog
d:\dokumenty\politechnika gdanska\semestr 3\ako\projekty\lab 5\project1\project1\debug\project1.tlog\link-rc.read.1.tlog
d:\dokumenty\politechnika gdanska\semestr 3\ako\projekty\lab 5\project1\project1\debug\project1.tlog\link-rc.write.1.tlog
d:\dokumenty\politechnika gdanska\semestr 3\ako\projekty\lab 5\project1\project1\debug\project1.tlog\link.19948-cvtres.read.1.tlog
d:\dokumenty\politechnika gdanska\semestr 3\ako\projekty\lab 5\project1\project1\debug\project1.tlog\link.19948-cvtres.write.1.tlog
d:\dokumenty\politechnika gdanska\semestr 3\ako\projekty\lab 5\project1\project1\debug\project1.tlog\link.19948-rc.read.1.tlog
d:\dokumenty\politechnika gdanska\semestr 3\ako\projekty\lab 5\project1\project1\debug\project1.tlog\link.19948-rc.write.1.tlog
d:\dokumenty\politechnika gdanska\semestr 3\ako\projekty\lab 5\project1\project1\debug\project1.tlog\link.19948.read.1.tlog
d:\dokumenty\politechnika gdanska\semestr 3\ako\projekty\lab 5\project1\project1\debug\project1.tlog\link.19948.write.1.tlog
d:\dokumenty\politechnika gdanska\semestr 3\ako\projekty\lab 5\project1\project1\debug\project1.tlog\link.command.1.tlog
d:\dokumenty\politechnika gdanska\semestr 3\ako\projekty\lab 5\project1\project1\debug\project1.tlog\link.read.1.tlog
d:\dokumenty\politechnika gdanska\semestr 3\ako\projekty\lab 5\project1\project1\debug\project1.tlog\link.write.1.tlog
d:\dokumenty\politechnika gdanska\semestr 3\ako\projekty\lab 5\project1\project1\debug\project1.tlog\project1.write.1u.tlog
